This file contains any messages produced by compilers while
running configure, to aid debugging if configure makes a mistake.

configure:737: checking for a BSD compatible install
configure:790: checking whether build environment is sane
configure:847: checking whether make sets ${MAKE}
configure:886: checking for working aclocal
configure:899: checking for working autoconf
configure:912: checking for working automake
configure:925: checking for working autoheader
configure:938: checking for working makeinfo
configure:953: checking whether to enable maintainer-specific portions of Makefiles
configure:983: checking host system type
configure:1007: checking for gcc
configure:1120: checking whether the C compiler (gcc  ) works
configure:1136: gcc -o conftest    conftest.c  1>&5
configure:1162: checking whether the C compiler (gcc  ) is a cross-compiler
configure:1167: checking whether we are using GNU C
configure:1195: checking whether gcc accepts -g
configure:1230: checking for gcc option to accept ANSI C
configure:1318: checking for a BSD compatible install
configure:1371: checking whether make sets ${MAKE}
configure:1424: checking for Cygwin environment
configure:1457: checking for mingw32 environment
configure:1486: checking how to run the C preprocessor
configure:1612: checking build system type
configure:1641: checking for ld used by GCC
configure:1709: checking if the linker (/usr/i686-pc-linux-gnu/bin/ld) is GNU ld
configure:1726: checking for /usr/i686-pc-linux-gnu/bin/ld option to reload object files
configure:1738: checking for BSD-compatible nm
configure:1776: checking whether ln -s works
configure:1797: checking how to recognise dependant libraries
configure:1970: checking for object suffix
configure:1996: checking for executable suffix
configure:2037: checking command to parse /usr/bin/nm -B output
configure:2213: checking for dlfcn.h
configure:2391: checking for ranlib
configure:2458: checking for strip
configure:2694: checking for objdir
configure:2721: checking for gcc option to produce PIC
configure:2873: checking if gcc PIC flag               -fPIC works
configure:2939: checking if gcc static flag -static works
configure:2981: checking if gcc supports -c -o file.o
configure:3029: checking if gcc supports -c -o file.lo
configure:3094: checking if gcc supports -fno-rtti -fno-exceptions
configure:3107: gcc -c -g -O2 -fno-rtti -fno-exceptions -c conftest.c  conftest.c 1>&5
configure:3134: checking whether the linker (/usr/i686-pc-linux-gnu/bin/ld) supports shared libraries
configure:3750: checking how to hardcode library paths into programs
configure:3778: checking whether stripping libraries is possible
configure:3792: checking dynamic linker characteristics
configure:4178: checking if libtool supports shared libraries
configure:4671: checking whether -lc should be explicitly linked in
configure:5276: checking for pkg-config
configure:5320: checking for gtk+-2.0 >= 1.3.15
configure:5327: checking DWERG_CFLAGS
configure:5332: checking DWERG_LIBS
configure:5366: checking for ANSI C header files
configure:5472: checking for working const
