MPlayer SVN-r31147-4.5.0 (C) 2000-2010 MPlayer Team
150 audio & 337 video codecs
mplayer: could not connect to socket
mplayer: No such file or directory
Failed to open LIRC support. You will not be able to use your remote control.

Playing http://listen.di.fm/public3/goapsy.pls.
Resolving listen.di.fm for AF_INET...
Connecting to server listen.di.fm[72.26.204.27]: 80...
Cache size set to 200 KBytes
Unknown entry type Version=2


Playing http://scfire-ntc-aa01.stream.aol.com:80/stream/1008.
Resolving scfire-ntc-aa01.stream.aol.com for AF_INET...
Connecting to server scfire-ntc-aa01.stream.aol.com[207.200.96.135]: 80...
Name   : Goa & Psychedelic Trance - D I G I T A L L Y - I M P O R T E D - a voyage out of this world!
Genre  : Electronic Psychedelic Goa Trance
Website: http://www.di.fm
Public : yes
Bitrate: 96kbit/s
Cache size set to 200 KBytes
Cache fill:  0.00% (0 bytes)   Cache fill:  0.00% (0 bytes)   Cache fill:  0.00% (0 bytes)   Cache fill:  0.00% (0 bytes)   
ICY Info: StreamTitle='Activate Morlack - Psai-sai';StreamUrl='';
Cache fill:  8.00% (16384 bytes)   Cache fill: 16.00% (32768 bytes)   
ID_AUDIO_ID=0
Audio only file format detected.
ID_FILENAME=http://scfire-ntc-aa01.stream.aol.com:80/stream/1008
ID_DEMUXER=audio
ID_AUDIO_FORMAT=85
ID_AUDIO_BITRATE=96000
ID_AUDIO_RATE=44100
ID_AUDIO_NCH=0
ID_LENGTH=0.00
ID_SEEKABLE=0
ID_CHAPTERS=0
==========================================================================
Opening audio decoder: [mp3lib] MPEG layer-2, layer-3
AUDIO: 44100 Hz, 2 ch, s16le, 96.0 kbit/6.80% (ratio: 12000->176400)
ID_AUDIO_BITRATE=96000
ID_AUDIO_RATE=44100
ID_AUDIO_NCH=2
Selected audio codec: [mp3] afm: mp3lib (mp3lib MPEG layer-2, layer-3)
==========================================================================
AO: [oss] 44100Hz 2ch s16le (2 bytes per sample)
ID_AUDIO_CODEC=mp3
Video: no video
Starting playback...


Playing http://schizoid.in/schizoid-psy.pls.
Resolving schizoid.in for AF_INET...
Connecting to server schizoid.in[88.198.48.36]: 80...
Cache size set to 200 KBytes
Unknown entry type Version=2


Playing http://78.46.73.237:8000/schizoid.
Connecting to server 78.46.73.237[78.46.73.237]: 8000...
Name   : Radio Schizoid
Genre  : psytrance
Website: http://schizoid.in:8000/schizoid
Public : yes
Bitrate: 128kbit/s
Cache size set to 200 KBytes
Cache fill:  0.00% (0 bytes)   Cache fill:  4.00% (8192 bytes)   
ICY Info: StreamTitle='Lamat Vs Amadetzana - Time For Contact (Han Solo Rmx)';
Cache fill: 12.00% (24576 bytes)   
ID_AUDIO_ID=0
Audio only file format detected.
ID_FILENAME=http://78.46.73.237:8000/schizoid
ID_DEMUXER=audio
ID_AUDIO_FORMAT=85
ID_AUDIO_BITRATE=128000
ID_AUDIO_RATE=44100
ID_AUDIO_NCH=0
ID_LENGTH=-0.02
ID_SEEKABLE=0
ID_CHAPTERS=0
==========================================================================
Opening audio decoder: [mp3lib] MPEG layer-2, layer-3
AUDIO: 44100 Hz, 2 ch, s16le, 128.0 kbit/9.07% (ratio: 16000->176400)
ID_AUDIO_BITRATE=128000
ID_AUDIO_RATE=44100
ID_AUDIO_NCH=2
Selected audio codec: [mp3] afm: mp3lib (mp3lib MPEG layer-2, layer-3)
==========================================================================
AO: [oss] 44100Hz 2ch s16le (2 bytes per sample)
ID_AUDIO_CODEC=mp3
Video: no video
Starting playback...


Playing http://www.shoutcast.com/sbin/tunein-station.pls?id=4384&t=.pls.
Resolving www.shoutcast.com for AF_INET...
Connecting to server www.shoutcast.com[207.200.100.5]: 80...
Cache size set to 200 KBytes
Unknown entry type Version=2


Playing http://193.251.154.242:9000.
Connecting to server 193.251.154.242[193.251.154.242]: 9000...
Name   : Only90`s -- Only hits from the 90`s! -- http://www.only90s.com/
Genre  : 90's Pop Rock Dance Electronic
Website: http://www.only90s.com/
Public : yes
Bitrate: 160kbit/s
Cache size set to 200 KBytes
Cache fill:  0.00% (0 bytes)   
ICY Info: StreamTitle='Blur - Beetlebum';StreamUrl='';

ID_AUDIO_ID=0
Audio only file format detected.
ID_FILENAME=http://193.251.154.242:9000
ID_DEMUXER=audio
ID_AUDIO_FORMAT=85
ID_AUDIO_BITRATE=160000
ID_AUDIO_RATE=44100
ID_AUDIO_NCH=0
ID_LENGTH=-0.02
ID_SEEKABLE=0
ID_CHAPTERS=0
==========================================================================
Opening audio decoder: [mp3lib] MPEG layer-2, layer-3
mpg123: Can't rewind stream by 13 bits!
AUDIO: 44100 Hz, 2 ch, s16le, 160.0 kbit/11.34% (ratio: 20000->176400)
ID_AUDIO_BITRATE=160000
ID_AUDIO_RATE=44100
ID_AUDIO_NCH=2
Selected audio codec: [mp3] afm: mp3lib (mp3lib MPEG layer-2, layer-3)
==========================================================================
AO: [oss] 44100Hz 2ch s16le (2 bytes per sample)
ID_AUDIO_CODEC=mp3
Video: no video
Starting playback...


Playing http://www.shoutcast.com/sbin/tunein-station.pls?id=4384&t=.pls.
Resolving www.shoutcast.com for AF_INET...
Connecting to server www.shoutcast.com[207.200.100.5]: 80...
Cache size set to 200 KBytes
Unknown entry type Version=2


Playing http://193.251.154.242:9000.
Connecting to server 193.251.154.242[193.251.154.242]: 9000...
Name   : Only90`s -- Only hits from the 90`s! -- http://www.only90s.com/
Genre  : 90's Pop Rock Dance Electronic
Website: http://www.only90s.com/
Public : yes
Bitrate: 160kbit/s
Cache size set to 200 KBytes
Cache fill:  0.00% (0 bytes)   
ICY Info: StreamTitle='Blur - Beetlebum';StreamUrl='';

ID_AUDIO_ID=0
Audio only file format detected.
ID_FILENAME=http://193.251.154.242:9000
ID_DEMUXER=audio
ID_AUDIO_FORMAT=85
ID_AUDIO_BITRATE=160000
ID_AUDIO_RATE=44100
ID_AUDIO_NCH=0
ID_LENGTH=-0.00
ID_SEEKABLE=0
ID_CHAPTERS=0
==========================================================================
Opening audio decoder: [mp3lib] MPEG layer-2, layer-3
mpg123: Can't rewind stream by 4 bits!
AUDIO: 44100 Hz, 2 ch, s16le, 160.0 kbit/11.34% (ratio: 20000->176400)
ID_AUDIO_BITRATE=160000
ID_AUDIO_RATE=44100
ID_AUDIO_NCH=2
Selected audio codec: [mp3] afm: mp3lib (mp3lib MPEG layer-2, layer-3)
==========================================================================
AO: [oss] 44100Hz 2ch s16le (2 bytes per sample)
ID_AUDIO_CODEC=mp3
Video: no video
Starting playback...

ICY Info: StreamTitle='Only90`s - Only hits from the 90`s!';StreamUrl='';

ICY Info: StreamTitle='DJ Paul Elstak - Promised land';StreamUrl='';

ICY Info: StreamTitle='Only90`s - Only hits from the 90`s!';StreamUrl='';

ICY Info: StreamTitle='Mr. Big - To be with you';StreamUrl='';


Playing http://yourno1hitradio.eu:8000/listen.pls.
Resolving yourno1hitradio.eu for AF_INET...
Connecting to server yourno1hitradio.eu[87.72.38.119]: 8000...
Cache size set to 200 KBytes


Playing http://yourno1hitradio.eu:8000/.
Resolving yourno1hitradio.eu for AF_INET...
Connecting to server yourno1hitradio.eu[87.72.38.119]: 8000...
Name   : | Trance Dance Techno Psytrance By DJ Black Out... |  Visit  | http://yourno1hitradio.eu/radio/play.php
Genre  : trance
Website: http://www.audiorealm.com
Public : yes
Bitrate: 320kbit/s
Cache size set to 200 KBytes
Cache fill:  0.00% (0 bytes)   
ICY Info: StreamTitle='Coast 2 Coast - Home (DJ TiQsto Mix)';StreamUrl='http://www.audiorealm.com';

ID_AUDIO_ID=0
Audio only file format detected.
ID_FILENAME=http://yourno1hitradio.eu:8000/
ID_DEMUXER=audio
ID_AUDIO_FORMAT=85
ID_AUDIO_BITRATE=320000
ID_AUDIO_RATE=44100
ID_AUDIO_NCH=0
ID_LENGTH=-0.01
ID_SEEKABLE=0
ID_CHAPTERS=0
==========================================================================
Opening audio decoder: [mp3lib] MPEG layer-2, layer-3
AUDIO: 44100 Hz, 2 ch, s16le, 320.0 kbit/22.68% (ratio: 40000->176400)
ID_AUDIO_BITRATE=320000
ID_AUDIO_RATE=44100
ID_AUDIO_NCH=2
Selected audio codec: [mp3] afm: mp3lib (mp3lib MPEG layer-2, layer-3)
==========================================================================
AO: [oss] 44100Hz 2ch s16le (2 bytes per sample)
ID_AUDIO_CODEC=mp3
Video: no video
Starting playback...

ICY Info: StreamTitle='Barcode Brothers - Dooh Dooh';StreamUrl='http://www.audiorealm.com';

ICY Info: StreamTitle='Silver Blue - Step Back (blue sky mix)';StreamUrl='http://www.audiorealm.com';

ICY Info: StreamTitle='Lady GaGa - Beautiful, Dirty, Rich';StreamUrl='http://www.audiorealm.com';


Playing http://listen.di.fm/public3/goapsy.pls.
Resolving listen.di.fm for AF_INET...
Connecting to server listen.di.fm[72.26.204.27]: 80...
Cache size set to 200 KBytes
Unknown entry type Version=2


Playing http://scfire-ntc-aa01.stream.aol.com:80/stream/1008.
Resolving scfire-ntc-aa01.stream.aol.com for AF_INET...
Connecting to server scfire-ntc-aa01.stream.aol.com[207.200.96.135]: 80...
Name   : Goa & Psychedelic Trance - D I G I T A L L Y - I M P O R T E D - a voyage out of this world!
Genre  : Electronic Psychedelic Goa Trance
Website: http://www.di.fm
Public : yes
Bitrate: 96kbit/s
Cache size set to 200 KBytes
Cache fill:  0.00% (0 bytes)   Cache fill:  0.00% (0 bytes)   Cache fill:  0.00% (0 bytes)   
ICY Info: StreamTitle='Logic Bomb - Shadow of the Beast';StreamUrl='';
Cache fill:  8.00% (16384 bytes)   Cache fill: 16.00% (32768 bytes)   
ID_AUDIO_ID=0
Audio only file format detected.
ID_FILENAME=http://scfire-ntc-aa01.stream.aol.com:80/stream/1008
ID_DEMUXER=audio
ID_AUDIO_FORMAT=85
ID_AUDIO_BITRATE=96000
ID_AUDIO_RATE=44100
ID_AUDIO_NCH=0
ID_LENGTH=-0.02
ID_SEEKABLE=0
ID_CHAPTERS=0
==========================================================================
Opening audio decoder: [mp3lib] MPEG layer-2, layer-3
mpg123: Can't rewind stream by 100 bits!
AUDIO: 44100 Hz, 2 ch, s16le, 96.0 kbit/6.80% (ratio: 12000->176400)
ID_AUDIO_BITRATE=96000
ID_AUDIO_RATE=44100
ID_AUDIO_NCH=2
Selected audio codec: [mp3] afm: mp3lib (mp3lib MPEG layer-2, layer-3)
==========================================================================
AO: [oss] 44100Hz 2ch s16le (2 bytes per sample)
ID_AUDIO_CODEC=mp3
Video: no video
Starting playback...
mpg123: Can't rewind stream by 32 bits!
